        -:    0:Source:C:/Users/nevil/Documents/GitHub/uba-algo1-TPs/TP2/ResolucionTP2/template-alumnos/tests/jugarPlusTEST.cpp
        -:    0:Graph:C:\Users\nevil\Documents\GitHub\uba-algo1-TPs\TP2\ResolucionTP2\template-alumnos\cmake-build-debug\CMakeFiles\tpi.dir\tests\jugarPlusTEST.gcno
        -:    0:Data:C:\Users\nevil\Documents\GitHub\uba-algo1-TPs\TP2\ResolucionTP2\template-alumnos\cmake-build-debug\CMakeFiles\tpi.dir\tests\jugarPlusTEST.gcda
        -:    0:Runs:1
        -:    1:// Tests para la función jugarPlus.
        -:    2:// Ver el archovo README.md para ayuda
        -:    3:
        -:    4:#include "../ejercicios.h"
        -:    5:#include "../auxiliares.h"
        -:    6:#include "gtest/gtest.h"
        -:    7:
        -:    8:using namespace std;
        -:    9:
        2:   10:TEST(jugarPlus, descubre1){
        -:   11:    tablero t = {
        -:   12:            {true, false, false},
        -:   13:            {false, false, false},
        -:   14:            {true, false, false}
        -:   15:
        6:   16:    };
        1:   17:    pos p = {0,1};
        1:   18:    banderitas  b = {};
        1:   19:    jugadas j = {};
        1:   20:    jugadas jugadaEsperada = {{{0,1},1}};
        1:   21:    jugarPlus(t,b,p,j);
       1*:   22:    ASSERT_EQ(j,jugadaEsperada);
        1:   23:}
------------------
_ZN24jugarPlus_descubre1_Test8TestBodyEv:
function _ZN24jugarPlus_descubre1_Test8TestBodyEv called 1 returned 100% blocks executed 44%
        1:   10:TEST(jugarPlus, descubre1){
        -:   11:    tablero t = {
        -:   12:            {true, false, false},
        -:   13:            {false, false, false},
        -:   14:            {true, false, false}
        -:   15:
        6:   16:    };
        1:   16-block  0
call    0 returned 1
call    1 returned 1
branch  2 taken 1 (fallthrough)
branch  3 taken 0 (throw)
        1:   16-block  1
call    4 returned 1
call    5 returned 1
branch  6 taken 1 (fallthrough)
branch  7 taken 0 (throw)
        1:   16-block  2
call    8 returned 1
call    9 returned 1
branch 10 taken 1 (fallthrough)
branch 11 taken 0 (throw)
        1:   16-block  3
call   12 returned 1
call   13 returned 1
branch 14 taken 1 (fallthrough)
branch 15 taken 0 (throw)
        3:   16-block  4
call   16 returned 3
        1:   16-block  5
call   17 returned 1
call   18 returned 1
call   19 returned 1
    $$$$$:   16-block  6
    $$$$$:   16-block  7
    $$$$$:   16-block  8
call   20 never executed
    $$$$$:   16-block  9
    $$$$$:   16-block 10
    $$$$$:   16-block 11
    $$$$$:   16-block 12
    $$$$$:   16-block 13
    $$$$$:   16-block 14
    $$$$$:   16-block 15
        1:   17:    pos p = {0,1};
        1:   18:    banderitas  b = {};
call    0 returned 1
        1:   19:    jugadas j = {};
call    0 returned 1
        1:   20:    jugadas jugadaEsperada = {{{0,1},1}};
call    0 returned 1
call    1 returned 1
branch  2 taken 1 (fallthrough)
branch  3 taken 0 (throw)
    $$$$$:   20-block  0
    $$$$$:   20-block  1
        1:   21:    jugarPlus(t,b,p,j);
call    0 returned 1
branch  1 taken 1 (fallthrough)
branch  2 taken 0 (throw)
       1*:   22:    ASSERT_EQ(j,jugadaEsperada);
        1:   22-block  0
call    0 returned 1
branch  1 taken 1 (fallthrough)
branch  2 taken 0 (throw)
        1:   22-block  1
call    3 returned 1
branch  4 taken 0 (fallthrough)
branch  5 taken 1
    %%%%%:   22-block  2
call    6 never executed
branch  7 never executed
branch  8 never executed
    %%%%%:   22-block  3
call    9 never executed
branch 10 never executed
branch 11 never executed
    %%%%%:   22-block  4
call   12 never executed
branch 13 never executed
branch 14 never executed
    %%%%%:   22-block  5
call   15 never executed
branch 16 never executed
branch 17 never executed
    %%%%%:   22-block  6
call   18 never executed
call   19 never executed
        1:   22-block  7
        1:   22-block  8
call   20 returned 1
branch 21 taken 1 (fallthrough)
branch 22 taken 0
    $$$$$:   22-block  9
call   23 never executed
    $$$$$:   22-block 10
    $$$$$:   22-block 11
call   24 never executed
    $$$$$:   22-block 12
    $$$$$:   22-block 13
call   25 never executed
        1:   23:}
        1:   23-block  0
        1:   23-block  1
call    0 returned 1
branch  1 taken 1 (fallthrough)
branch  2 taken 0
        1:   23-block  2
        1:   23-block  3
call    3 returned 1
branch  4 taken 1 (fallthrough)
branch  5 taken 0
        1:   23-block  4
        1:   23-block  5
call    6 returned 1
branch  7 taken 1 (fallthrough)
branch  8 taken 0
        1:   23-block  6
        1:   23-block  7
call    9 returned 1
branch 10 taken 1 (fallthrough)
branch 11 taken 0
    $$$$$:   23-block  8
call   12 never executed
    $$$$$:   23-block  9
call   13 never executed
    $$$$$:   23-block 10
call   14 never executed
    $$$$$:   23-block 11
call   15 never executed
------------------
_ZN24jugarPlus_descubre1_TestC1Ev:
function _ZN24jugarPlus_descubre1_TestC1Ev called 1 returned 100% blocks executed 100%
        1:   10:TEST(jugarPlus, descubre1){
        1:   10-block  0
call    0 returned 1
------------------
        -:   24:
        2:   25:TEST(jugarPlus, descubre6){
        -:   26:    tablero t = {
        -:   27:            {true, false, false},
        -:   28:            {false, false, false},
        -:   29:            {true, false, false}
        -:   30:
        6:   31:    };
        1:   32:    pos p = {1,2};
        1:   33:    banderitas  b = {};
        1:   34:    jugadas j = {};
        -:   35:    jugadas jugadaEsperada = {{{0,1},1},{{0,2},0},{{1,1},2},
        1:   36:                              {{1,2},0},{{2,1},1},{{2,2},0}};
        1:   37:    jugarPlus(t,b,p,j);
       1*:   38:    ASSERT_EQ(j,jugadaEsperada);
        1:   39:}
------------------
_ZN24jugarPlus_descubre6_Test8TestBodyEv:
function _ZN24jugarPlus_descubre6_Test8TestBodyEv called 1 returned 100% blocks executed 44%
        1:   25:TEST(jugarPlus, descubre6){
        -:   26:    tablero t = {
        -:   27:            {true, false, false},
        -:   28:            {false, false, false},
        -:   29:            {true, false, false}
        -:   30:
        6:   31:    };
        1:   31-block  0
call    0 returned 1
call    1 returned 1
branch  2 taken 1 (fallthrough)
branch  3 taken 0 (throw)
        1:   31-block  1
call    4 returned 1
call    5 returned 1
branch  6 taken 1 (fallthrough)
branch  7 taken 0 (throw)
        1:   31-block  2
call    8 returned 1
call    9 returned 1
branch 10 taken 1 (fallthrough)
branch 11 taken 0 (throw)
        1:   31-block  3
call   12 returned 1
call   13 returned 1
branch 14 taken 1 (fallthrough)
branch 15 taken 0 (throw)
        3:   31-block  4
call   16 returned 3
        1:   31-block  5
call   17 returned 1
call   18 returned 1
call   19 returned 1
    $$$$$:   31-block  6
    $$$$$:   31-block  7
    $$$$$:   31-block  8
call   20 never executed
    $$$$$:   31-block  9
    $$$$$:   31-block 10
    $$$$$:   31-block 11
    $$$$$:   31-block 12
    $$$$$:   31-block 13
    $$$$$:   31-block 14
    $$$$$:   31-block 15
        1:   32:    pos p = {1,2};
        1:   33:    banderitas  b = {};
call    0 returned 1
        1:   34:    jugadas j = {};
call    0 returned 1
        -:   35:    jugadas jugadaEsperada = {{{0,1},1},{{0,2},0},{{1,1},2},
        1:   36:                              {{1,2},0},{{2,1},1},{{2,2},0}};
call    0 returned 1
call    1 returned 1
branch  2 taken 1 (fallthrough)
branch  3 taken 0 (throw)
    $$$$$:   36-block  0
    $$$$$:   36-block  1
        1:   37:    jugarPlus(t,b,p,j);
call    0 returned 1
branch  1 taken 1 (fallthrough)
branch  2 taken 0 (throw)
       1*:   38:    ASSERT_EQ(j,jugadaEsperada);
        1:   38-block  0
call    0 returned 1
branch  1 taken 1 (fallthrough)
branch  2 taken 0 (throw)
        1:   38-block  1
call    3 returned 1
branch  4 taken 0 (fallthrough)
branch  5 taken 1
    %%%%%:   38-block  2
call    6 never executed
branch  7 never executed
branch  8 never executed
    %%%%%:   38-block  3
call    9 never executed
branch 10 never executed
branch 11 never executed
    %%%%%:   38-block  4
call   12 never executed
branch 13 never executed
branch 14 never executed
    %%%%%:   38-block  5
call   15 never executed
branch 16 never executed
branch 17 never executed
    %%%%%:   38-block  6
call   18 never executed
call   19 never executed
        1:   38-block  7
        1:   38-block  8
call   20 returned 1
branch 21 taken 1 (fallthrough)
branch 22 taken 0
    $$$$$:   38-block  9
call   23 never executed
    $$$$$:   38-block 10
    $$$$$:   38-block 11
call   24 never executed
    $$$$$:   38-block 12
    $$$$$:   38-block 13
call   25 never executed
        1:   39:}
        1:   39-block  0
        1:   39-block  1
call    0 returned 1
branch  1 taken 1 (fallthrough)
branch  2 taken 0
        1:   39-block  2
        1:   39-block  3
call    3 returned 1
branch  4 taken 1 (fallthrough)
branch  5 taken 0
        1:   39-block  4
        1:   39-block  5
call    6 returned 1
branch  7 taken 1 (fallthrough)
branch  8 taken 0
        1:   39-block  6
        1:   39-block  7
call    9 returned 1
branch 10 taken 1 (fallthrough)
branch 11 taken 0
    $$$$$:   39-block  8
call   12 never executed
    $$$$$:   39-block  9
call   13 never executed
    $$$$$:   39-block 10
call   14 never executed
    $$$$$:   39-block 11
call   15 never executed
------------------
_ZN24jugarPlus_descubre6_TestC1Ev:
function _ZN24jugarPlus_descubre6_TestC1Ev called 1 returned 100% blocks executed 100%
        1:   25:TEST(jugarPlus, descubre6){
        1:   25-block  0
call    0 returned 1
------------------
        -:   40:
        2:   41:TEST(jugarPlus, descubre5){
        -:   42:    tablero t = {
        -:   43:            {true, false, false},
        -:   44:            {false, false, false},
        -:   45:            {true, false, false}
        -:   46:
        6:   47:    };
        1:   48:    pos p = {1,2};
        1:   49:    banderitas  b = {};
        1:   50:    jugadas j = {{{0,1},1}};
        -:   51:    jugadas jugadaEsperada = {{{0,1},1},{{0,2},0},{{1,1},2},
        1:   52:                              {{1,2},0},{{2,1},1},{{2,2},0}};
        1:   53:    jugarPlus(t,b,p,j);
       1*:   54:    ASSERT_EQ(j,jugadaEsperada);
        1:   55:}
------------------
_ZN24jugarPlus_descubre5_Test8TestBodyEv:
function _ZN24jugarPlus_descubre5_Test8TestBodyEv called 1 returned 100% blocks executed 43%
        1:   41:TEST(jugarPlus, descubre5){
        -:   42:    tablero t = {
        -:   43:            {true, false, false},
        -:   44:            {false, false, false},
        -:   45:            {true, false, false}
        -:   46:
        6:   47:    };
        1:   47-block  0
call    0 returned 1
call    1 returned 1
branch  2 taken 1 (fallthrough)
branch  3 taken 0 (throw)
        1:   47-block  1
call    4 returned 1
call    5 returned 1
branch  6 taken 1 (fallthrough)
branch  7 taken 0 (throw)
        1:   47-block  2
call    8 returned 1
call    9 returned 1
branch 10 taken 1 (fallthrough)
branch 11 taken 0 (throw)
        1:   47-block  3
call   12 returned 1
call   13 returned 1
branch 14 taken 1 (fallthrough)
branch 15 taken 0 (throw)
        3:   47-block  4
call   16 returned 3
        1:   47-block  5
call   17 returned 1
call   18 returned 1
call   19 returned 1
    $$$$$:   47-block  6
    $$$$$:   47-block  7
    $$$$$:   47-block  8
call   20 never executed
    $$$$$:   47-block  9
    $$$$$:   47-block 10
    $$$$$:   47-block 11
    $$$$$:   47-block 12
    $$$$$:   47-block 13
    $$$$$:   47-block 14
    $$$$$:   47-block 15
        1:   48:    pos p = {1,2};
        1:   49:    banderitas  b = {};
call    0 returned 1
        1:   50:    jugadas j = {{{0,1},1}};
call    0 returned 1
call    1 returned 1
branch  2 taken 1 (fallthrough)
branch  3 taken 0 (throw)
    $$$$$:   50-block  0
    $$$$$:   50-block  1
        -:   51:    jugadas jugadaEsperada = {{{0,1},1},{{0,2},0},{{1,1},2},
        1:   52:                              {{1,2},0},{{2,1},1},{{2,2},0}};
call    0 returned 1
call    1 returned 1
branch  2 taken 1 (fallthrough)
branch  3 taken 0 (throw)
    $$$$$:   52-block  0
    $$$$$:   52-block  1
        1:   53:    jugarPlus(t,b,p,j);
call    0 returned 1
branch  1 taken 1 (fallthrough)
branch  2 taken 0 (throw)
       1*:   54:    ASSERT_EQ(j,jugadaEsperada);
        1:   54-block  0
call    0 returned 1
branch  1 taken 1 (fallthrough)
branch  2 taken 0 (throw)
        1:   54-block  1
call    3 returned 1
branch  4 taken 0 (fallthrough)
branch  5 taken 1
    %%%%%:   54-block  2
call    6 never executed
branch  7 never executed
branch  8 never executed
    %%%%%:   54-block  3
call    9 never executed
branch 10 never executed
branch 11 never executed
    %%%%%:   54-block  4
call   12 never executed
branch 13 never executed
branch 14 never executed
    %%%%%:   54-block  5
call   15 never executed
branch 16 never executed
branch 17 never executed
    %%%%%:   54-block  6
call   18 never executed
call   19 never executed
        1:   54-block  7
        1:   54-block  8
call   20 returned 1
branch 21 taken 1 (fallthrough)
branch 22 taken 0
    $$$$$:   54-block  9
call   23 never executed
    $$$$$:   54-block 10
    $$$$$:   54-block 11
call   24 never executed
    $$$$$:   54-block 12
    $$$$$:   54-block 13
call   25 never executed
        1:   55:}
        1:   55-block  0
        1:   55-block  1
call    0 returned 1
branch  1 taken 1 (fallthrough)
branch  2 taken 0
        1:   55-block  2
        1:   55-block  3
call    3 returned 1
branch  4 taken 1 (fallthrough)
branch  5 taken 0
        1:   55-block  4
        1:   55-block  5
call    6 returned 1
branch  7 taken 1 (fallthrough)
branch  8 taken 0
        1:   55-block  6
        1:   55-block  7
call    9 returned 1
branch 10 taken 1 (fallthrough)
branch 11 taken 0
    $$$$$:   55-block  8
call   12 never executed
    $$$$$:   55-block  9
call   13 never executed
    $$$$$:   55-block 10
call   14 never executed
    $$$$$:   55-block 11
call   15 never executed
------------------
_ZN24jugarPlus_descubre5_TestC1Ev:
function _ZN24jugarPlus_descubre5_TestC1Ev called 1 returned 100% blocks executed 100%
        1:   41:TEST(jugarPlus, descubre5){
        1:   41-block  0
call    0 returned 1
------------------
        -:   56:
        2:   57:TEST(jugarPlus, descubre4){
        -:   58:    tablero t = {
        -:   59:            {true, false, false},
        -:   60:            {false, false, false},
        -:   61:            {true, false, false}
        -:   62:
        6:   63:    };
        1:   64:    pos p = {1,2};
        1:   65:    banderitas  b = {{1,1}};
        1:   66:    jugadas j = {{{0,1},1}};
        -:   67:    jugadas jugadaEsperada = {{{0,1},1},{{0,2},0},
        1:   68:                              {{1,2},0},{{2,1},1},{{2,2},0}};
        1:   69:    jugarPlus(t,b,p,j);
       1*:   70:    ASSERT_EQ(j,jugadaEsperada);
        1:   71:}
------------------
_ZN24jugarPlus_descubre4_Test8TestBodyEv:
function _ZN24jugarPlus_descubre4_Test8TestBodyEv called 1 returned 100% blocks executed 42%
        1:   57:TEST(jugarPlus, descubre4){
        -:   58:    tablero t = {
        -:   59:            {true, false, false},
        -:   60:            {false, false, false},
        -:   61:            {true, false, false}
        -:   62:
        6:   63:    };
        1:   63-block  0
call    0 returned 1
call    1 returned 1
branch  2 taken 1 (fallthrough)
branch  3 taken 0 (throw)
        1:   63-block  1
call    4 returned 1
call    5 returned 1
branch  6 taken 1 (fallthrough)
branch  7 taken 0 (throw)
        1:   63-block  2
call    8 returned 1
call    9 returned 1
branch 10 taken 1 (fallthrough)
branch 11 taken 0 (throw)
        1:   63-block  3
call   12 returned 1
call   13 returned 1
branch 14 taken 1 (fallthrough)
branch 15 taken 0 (throw)
        3:   63-block  4
call   16 returned 3
        1:   63-block  5
call   17 returned 1
call   18 returned 1
call   19 returned 1
    $$$$$:   63-block  6
    $$$$$:   63-block  7
    $$$$$:   63-block  8
call   20 never executed
    $$$$$:   63-block  9
    $$$$$:   63-block 10
    $$$$$:   63-block 11
    $$$$$:   63-block 12
    $$$$$:   63-block 13
    $$$$$:   63-block 14
    $$$$$:   63-block 15
        1:   64:    pos p = {1,2};
        1:   65:    banderitas  b = {{1,1}};
call    0 returned 1
call    1 returned 1
branch  2 taken 1 (fallthrough)
branch  3 taken 0 (throw)
    $$$$$:   65-block  0
    $$$$$:   65-block  1
        1:   66:    jugadas j = {{{0,1},1}};
call    0 returned 1
call    1 returned 1
branch  2 taken 1 (fallthrough)
branch  3 taken 0 (throw)
    $$$$$:   66-block  0
    $$$$$:   66-block  1
        -:   67:    jugadas jugadaEsperada = {{{0,1},1},{{0,2},0},
        1:   68:                              {{1,2},0},{{2,1},1},{{2,2},0}};
call    0 returned 1
call    1 returned 1
branch  2 taken 1 (fallthrough)
branch  3 taken 0 (throw)
    $$$$$:   68-block  0
    $$$$$:   68-block  1
        1:   69:    jugarPlus(t,b,p,j);
call    0 returned 1
branch  1 taken 1 (fallthrough)
branch  2 taken 0 (throw)
       1*:   70:    ASSERT_EQ(j,jugadaEsperada);
        1:   70-block  0
call    0 returned 1
branch  1 taken 1 (fallthrough)
branch  2 taken 0 (throw)
        1:   70-block  1
call    3 returned 1
branch  4 taken 0 (fallthrough)
branch  5 taken 1
    %%%%%:   70-block  2
call    6 never executed
branch  7 never executed
branch  8 never executed
    %%%%%:   70-block  3
call    9 never executed
branch 10 never executed
branch 11 never executed
    %%%%%:   70-block  4
call   12 never executed
branch 13 never executed
branch 14 never executed
    %%%%%:   70-block  5
call   15 never executed
branch 16 never executed
branch 17 never executed
    %%%%%:   70-block  6
call   18 never executed
call   19 never executed
        1:   70-block  7
        1:   70-block  8
call   20 returned 1
branch 21 taken 1 (fallthrough)
branch 22 taken 0
    $$$$$:   70-block  9
call   23 never executed
    $$$$$:   70-block 10
    $$$$$:   70-block 11
call   24 never executed
    $$$$$:   70-block 12
    $$$$$:   70-block 13
call   25 never executed
        1:   71:}
        1:   71-block  0
        1:   71-block  1
call    0 returned 1
branch  1 taken 1 (fallthrough)
branch  2 taken 0
        1:   71-block  2
        1:   71-block  3
call    3 returned 1
branch  4 taken 1 (fallthrough)
branch  5 taken 0
        1:   71-block  4
        1:   71-block  5
call    6 returned 1
branch  7 taken 1 (fallthrough)
branch  8 taken 0
        1:   71-block  6
        1:   71-block  7
call    9 returned 1
branch 10 taken 1 (fallthrough)
branch 11 taken 0
    $$$$$:   71-block  8
call   12 never executed
    $$$$$:   71-block  9
call   13 never executed
    $$$$$:   71-block 10
call   14 never executed
    $$$$$:   71-block 11
call   15 never executed
------------------
_ZN24jugarPlus_descubre4_TestC1Ev:
function _ZN24jugarPlus_descubre4_TestC1Ev called 1 returned 100% blocks executed 100%
        1:   57:TEST(jugarPlus, descubre4){
        1:   57-block  0
call    0 returned 1
------------------
        -:   72:
        -:   73:
