        -:    0:Source:C:/Users/nevil/Documents/GitHub/uba-algo1-TPs/TP2/ResolucionTP2/template-alumnos/tests/minasAdyacentesTEST.cpp
        -:    0:Graph:C:\Users\nevil\Documents\GitHub\uba-algo1-TPs\TP2\ResolucionTP2\template-alumnos\cmake-build-debug\CMakeFiles\tpi.dir\tests\minasAdyacentesTEST.gcno
        -:    0:Data:C:\Users\nevil\Documents\GitHub\uba-algo1-TPs\TP2\ResolucionTP2\template-alumnos\cmake-build-debug\CMakeFiles\tpi.dir\tests\minasAdyacentesTEST.gcda
        -:    0:Runs:1
        -:    1:// Tests para la función minasAdyacentes.
        -:    2:// Ver el archivo README.md para ayuda
        -:    3:
        -:    4:#include "../ejercicios.h"
        -:    5:#include "../auxiliares.h"
        -:    6:#include "../definiciones.h"
        -:    7:#include "gtest/gtest.h"
        -:    8:
        -:    9:using namespace std;
        -:   10:
        -:   11:
        -:   12:
        2:   13:TEST(minasAdyacentesTest, NingunaMinaAdy){
        -:   14:
        -:   15:    tablero t = {
        -:   16:            {false, false, false, true, false},
        -:   17:            {false, false, false, true, true},
        -:   18:            {false, false, false, false, false},
        -:   19:            {false, false, false, false, true},
        -:   20:            {false, false, false, true, false}
        8:   21:    };
        1:   22:    int minasAdy1 = minasAdyacentes(t, {0,0});
       1*:   23:    ASSERT_EQ(minasAdy1, 0);
        -:   24:
        1:   25:    int minasAdy2 = minasAdyacentes(t, {2,1});
       1*:   26:    ASSERT_EQ(minasAdy2, 0);
        1:   27:}
------------------
_ZN39minasAdyacentesTest_NingunaMinaAdy_Test8TestBodyEv:
function _ZN39minasAdyacentesTest_NingunaMinaAdy_Test8TestBodyEv called 1 returned 100% blocks executed 37%
        1:   13:TEST(minasAdyacentesTest, NingunaMinaAdy){
        -:   14:
        -:   15:    tablero t = {
        -:   16:            {false, false, false, true, false},
        -:   17:            {false, false, false, true, true},
        -:   18:            {false, false, false, false, false},
        -:   19:            {false, false, false, false, true},
        -:   20:            {false, false, false, true, false}
        8:   21:    };
        1:   21-block  0
call    0 returned 1
call    1 returned 1
branch  2 taken 1 (fallthrough)
branch  3 taken 0 (throw)
        1:   21-block  1
call    4 returned 1
call    5 returned 1
branch  6 taken 1 (fallthrough)
branch  7 taken 0 (throw)
        1:   21-block  2
call    8 returned 1
call    9 returned 1
branch 10 taken 1 (fallthrough)
branch 11 taken 0 (throw)
        1:   21-block  3
call   12 returned 1
call   13 returned 1
branch 14 taken 1 (fallthrough)
branch 15 taken 0 (throw)
        1:   21-block  4
call   16 returned 1
call   17 returned 1
branch 18 taken 1 (fallthrough)
branch 19 taken 0 (throw)
        1:   21-block  5
call   20 returned 1
call   21 returned 1
branch 22 taken 1 (fallthrough)
branch 23 taken 0 (throw)
        5:   21-block  6
call   24 returned 5
        1:   21-block  7
call   25 returned 1
call   26 returned 1
call   27 returned 1
call   28 returned 1
call   29 returned 1
    $$$$$:   21-block  8
    $$$$$:   21-block  9
    $$$$$:   21-block 10
call   30 never executed
    $$$$$:   21-block 11
    $$$$$:   21-block 12
    $$$$$:   21-block 13
    $$$$$:   21-block 14
    $$$$$:   21-block 15
    $$$$$:   21-block 16
    $$$$$:   21-block 17
    $$$$$:   21-block 18
    $$$$$:   21-block 19
    $$$$$:   21-block 20
    $$$$$:   21-block 21
        1:   22:    int minasAdy1 = minasAdyacentes(t, {0,0});
call    0 returned 1
call    1 returned 1
branch  2 taken 1 (fallthrough)
branch  3 taken 0 (throw)
    $$$$$:   22-block  0
    $$$$$:   22-block  1
    $$$$$:   22-block  2
       1*:   23:    ASSERT_EQ(minasAdy1, 0);
        1:   23-block  0
call    0 returned 1
branch  1 taken 1 (fallthrough)
branch  2 taken 0 (throw)
        1:   23-block  1
call    3 returned 1
branch  4 taken 0 (fallthrough)
branch  5 taken 1
    %%%%%:   23-block  2
call    6 never executed
branch  7 never executed
branch  8 never executed
    %%%%%:   23-block  3
call    9 never executed
branch 10 never executed
branch 11 never executed
    %%%%%:   23-block  4
call   12 never executed
branch 13 never executed
branch 14 never executed
    %%%%%:   23-block  5
call   15 never executed
branch 16 never executed
branch 17 never executed
    %%%%%:   23-block  6
call   18 never executed
call   19 never executed
        1:   23-block  7
        1:   23-block  8
call   20 returned 1
branch 21 taken 1 (fallthrough)
branch 22 taken 0
    $$$$$:   23-block  9
    $$$$$:   23-block 10
call   23 never executed
    $$$$$:   23-block 11
    $$$$$:   23-block 12
call   24 never executed
    $$$$$:   23-block 13
    $$$$$:   23-block 14
call   25 never executed
        -:   24:
        1:   25:    int minasAdy2 = minasAdyacentes(t, {2,1});
        1:   25-block  0
call    0 returned 1
call    1 returned 1
branch  2 taken 1 (fallthrough)
branch  3 taken 0 (throw)
    $$$$$:   25-block  1
    $$$$$:   25-block  2
    $$$$$:   25-block  3
       1*:   26:    ASSERT_EQ(minasAdy2, 0);
        1:   26-block  0
call    0 returned 1
branch  1 taken 1 (fallthrough)
branch  2 taken 0 (throw)
        1:   26-block  1
call    3 returned 1
branch  4 taken 0 (fallthrough)
branch  5 taken 1
    %%%%%:   26-block  2
call    6 never executed
branch  7 never executed
branch  8 never executed
    %%%%%:   26-block  3
call    9 never executed
branch 10 never executed
branch 11 never executed
    %%%%%:   26-block  4
call   12 never executed
branch 13 never executed
branch 14 never executed
    %%%%%:   26-block  5
call   15 never executed
branch 16 never executed
branch 17 never executed
    %%%%%:   26-block  6
call   18 never executed
call   19 never executed
        1:   26-block  7
        1:   26-block  8
call   20 returned 1
branch 21 taken 1 (fallthrough)
branch 22 taken 0
    $$$$$:   26-block  9
    $$$$$:   26-block 10
call   23 never executed
    $$$$$:   26-block 11
    $$$$$:   26-block 12
call   24 never executed
    $$$$$:   26-block 13
    $$$$$:   26-block 14
call   25 never executed
        1:   27:}
        1:   27-block  0
        1:   27-block  1
call    0 returned 1
branch  1 taken 1 (fallthrough)
branch  2 taken 0
    $$$$$:   27-block  2
call    3 never executed
------------------
_ZN39minasAdyacentesTest_NingunaMinaAdy_TestC1Ev:
function _ZN39minasAdyacentesTest_NingunaMinaAdy_TestC1Ev called 1 returned 100% blocks executed 100%
        1:   13:TEST(minasAdyacentesTest, NingunaMinaAdy){
        1:   13-block  0
call    0 returned 1
------------------
        -:   28:
        2:   29:TEST(minasAdyacentesTest, UnaODosMinaAdy){
        -:   30:
        -:   31:    tablero t = {
        -:   32:            {false, false, false, true, false},
        -:   33:            {false, false, false, true, true},
        -:   34:            {false, false, false, false, false},
        -:   35:            {false, false, false, false, true},
        -:   36:            {false, false, false, true, false}
        8:   37:    };
        1:   38:    int minasAdy1 = minasAdyacentes(t, {3,4});
       1*:   39:    ASSERT_EQ(minasAdy1, 1);
        -:   40:
        1:   41:    int minasAdy2 = minasAdyacentes(t, {4,4});
       1*:   42:    ASSERT_EQ(minasAdy2, 2);
        -:   43:
        1:   44:    int minasAdy3 = minasAdyacentes(t, {3,3});
       1*:   45:    ASSERT_EQ(minasAdy3, 2);
        1:   46:}
------------------
_ZN39minasAdyacentesTest_UnaODosMinaAdy_Test8TestBodyEv:
function _ZN39minasAdyacentesTest_UnaODosMinaAdy_Test8TestBodyEv called 1 returned 100% blocks executed 35%
        1:   29:TEST(minasAdyacentesTest, UnaODosMinaAdy){
        -:   30:
        -:   31:    tablero t = {
        -:   32:            {false, false, false, true, false},
        -:   33:            {false, false, false, true, true},
        -:   34:            {false, false, false, false, false},
        -:   35:            {false, false, false, false, true},
        -:   36:            {false, false, false, true, false}
        8:   37:    };
        1:   37-block  0
call    0 returned 1
call    1 returned 1
branch  2 taken 1 (fallthrough)
branch  3 taken 0 (throw)
        1:   37-block  1
call    4 returned 1
call    5 returned 1
branch  6 taken 1 (fallthrough)
branch  7 taken 0 (throw)
        1:   37-block  2
call    8 returned 1
call    9 returned 1
branch 10 taken 1 (fallthrough)
branch 11 taken 0 (throw)
        1:   37-block  3
call   12 returned 1
call   13 returned 1
branch 14 taken 1 (fallthrough)
branch 15 taken 0 (throw)
        1:   37-block  4
call   16 returned 1
call   17 returned 1
branch 18 taken 1 (fallthrough)
branch 19 taken 0 (throw)
        1:   37-block  5
call   20 returned 1
call   21 returned 1
branch 22 taken 1 (fallthrough)
branch 23 taken 0 (throw)
        5:   37-block  6
call   24 returned 5
        1:   37-block  7
call   25 returned 1
call   26 returned 1
call   27 returned 1
call   28 returned 1
call   29 returned 1
    $$$$$:   37-block  8
    $$$$$:   37-block  9
    $$$$$:   37-block 10
call   30 never executed
    $$$$$:   37-block 11
    $$$$$:   37-block 12
    $$$$$:   37-block 13
    $$$$$:   37-block 14
    $$$$$:   37-block 15
    $$$$$:   37-block 16
    $$$$$:   37-block 17
    $$$$$:   37-block 18
    $$$$$:   37-block 19
    $$$$$:   37-block 20
    $$$$$:   37-block 21
        1:   38:    int minasAdy1 = minasAdyacentes(t, {3,4});
call    0 returned 1
call    1 returned 1
branch  2 taken 1 (fallthrough)
branch  3 taken 0 (throw)
    $$$$$:   38-block  0
    $$$$$:   38-block  1
    $$$$$:   38-block  2
       1*:   39:    ASSERT_EQ(minasAdy1, 1);
        1:   39-block  0
call    0 returned 1
branch  1 taken 1 (fallthrough)
branch  2 taken 0 (throw)
        1:   39-block  1
call    3 returned 1
branch  4 taken 0 (fallthrough)
branch  5 taken 1
    %%%%%:   39-block  2
call    6 never executed
branch  7 never executed
branch  8 never executed
    %%%%%:   39-block  3
call    9 never executed
branch 10 never executed
branch 11 never executed
    %%%%%:   39-block  4
call   12 never executed
branch 13 never executed
branch 14 never executed
    %%%%%:   39-block  5
call   15 never executed
branch 16 never executed
branch 17 never executed
    %%%%%:   39-block  6
call   18 never executed
call   19 never executed
        1:   39-block  7
        1:   39-block  8
call   20 returned 1
branch 21 taken 1 (fallthrough)
branch 22 taken 0
    $$$$$:   39-block  9
    $$$$$:   39-block 10
call   23 never executed
    $$$$$:   39-block 11
    $$$$$:   39-block 12
call   24 never executed
    $$$$$:   39-block 13
    $$$$$:   39-block 14
call   25 never executed
        -:   40:
        1:   41:    int minasAdy2 = minasAdyacentes(t, {4,4});
        1:   41-block  0
call    0 returned 1
call    1 returned 1
branch  2 taken 1 (fallthrough)
branch  3 taken 0 (throw)
    $$$$$:   41-block  1
    $$$$$:   41-block  2
    $$$$$:   41-block  3
       1*:   42:    ASSERT_EQ(minasAdy2, 2);
        1:   42-block  0
call    0 returned 1
branch  1 taken 1 (fallthrough)
branch  2 taken 0 (throw)
        1:   42-block  1
call    3 returned 1
branch  4 taken 0 (fallthrough)
branch  5 taken 1
    %%%%%:   42-block  2
call    6 never executed
branch  7 never executed
branch  8 never executed
    %%%%%:   42-block  3
call    9 never executed
branch 10 never executed
branch 11 never executed
    %%%%%:   42-block  4
call   12 never executed
branch 13 never executed
branch 14 never executed
    %%%%%:   42-block  5
call   15 never executed
branch 16 never executed
branch 17 never executed
    %%%%%:   42-block  6
call   18 never executed
call   19 never executed
        1:   42-block  7
        1:   42-block  8
call   20 returned 1
branch 21 taken 1 (fallthrough)
branch 22 taken 0
    $$$$$:   42-block  9
    $$$$$:   42-block 10
call   23 never executed
    $$$$$:   42-block 11
    $$$$$:   42-block 12
call   24 never executed
    $$$$$:   42-block 13
    $$$$$:   42-block 14
call   25 never executed
        -:   43:
        1:   44:    int minasAdy3 = minasAdyacentes(t, {3,3});
        1:   44-block  0
call    0 returned 1
call    1 returned 1
branch  2 taken 1 (fallthrough)
branch  3 taken 0 (throw)
    $$$$$:   44-block  1
    $$$$$:   44-block  2
    $$$$$:   44-block  3
       1*:   45:    ASSERT_EQ(minasAdy3, 2);
        1:   45-block  0
call    0 returned 1
branch  1 taken 1 (fallthrough)
branch  2 taken 0 (throw)
        1:   45-block  1
call    3 returned 1
branch  4 taken 0 (fallthrough)
branch  5 taken 1
    %%%%%:   45-block  2
call    6 never executed
branch  7 never executed
branch  8 never executed
    %%%%%:   45-block  3
call    9 never executed
branch 10 never executed
branch 11 never executed
    %%%%%:   45-block  4
call   12 never executed
branch 13 never executed
branch 14 never executed
    %%%%%:   45-block  5
call   15 never executed
branch 16 never executed
branch 17 never executed
    %%%%%:   45-block  6
call   18 never executed
call   19 never executed
        1:   45-block  7
        1:   45-block  8
call   20 returned 1
branch 21 taken 1 (fallthrough)
branch 22 taken 0
    $$$$$:   45-block  9
    $$$$$:   45-block 10
call   23 never executed
    $$$$$:   45-block 11
    $$$$$:   45-block 12
call   24 never executed
    $$$$$:   45-block 13
    $$$$$:   45-block 14
call   25 never executed
        1:   46:}
        1:   46-block  0
        1:   46-block  1
call    0 returned 1
branch  1 taken 1 (fallthrough)
branch  2 taken 0
    $$$$$:   46-block  2
call    3 never executed
------------------
_ZN39minasAdyacentesTest_UnaODosMinaAdy_TestC1Ev:
function _ZN39minasAdyacentesTest_UnaODosMinaAdy_TestC1Ev called 1 returned 100% blocks executed 100%
        1:   29:TEST(minasAdyacentesTest, UnaODosMinaAdy){
        1:   29-block  0
call    0 returned 1
------------------
        -:   47:
        2:   48:TEST(minasAdyacentesTest, TresMinaAdy){
        -:   49:
        -:   50:    tablero t = {
        -:   51:            {false, false, false, true, false},
        -:   52:            {false, false, false, true, true},
        -:   53:            {false, false, false, false, false},
        -:   54:            {false, false, false, false, true},
        -:   55:            {false, false, false, true, false}
        8:   56:    };
        1:   57:    int minasAdy1 = minasAdyacentes(t, {0,4});
       1*:   58:    ASSERT_EQ(minasAdy1, 3);
        -:   59:
        1:   60:    int minasAdy2 = minasAdyacentes(t, {2,4});
       1*:   61:    ASSERT_EQ(minasAdy2, 3);
        1:   62:}
------------------
_ZN36minasAdyacentesTest_TresMinaAdy_Test8TestBodyEv:
function _ZN36minasAdyacentesTest_TresMinaAdy_Test8TestBodyEv called 1 returned 100% blocks executed 37%
        1:   48:TEST(minasAdyacentesTest, TresMinaAdy){
        -:   49:
        -:   50:    tablero t = {
        -:   51:            {false, false, false, true, false},
        -:   52:            {false, false, false, true, true},
        -:   53:            {false, false, false, false, false},
        -:   54:            {false, false, false, false, true},
        -:   55:            {false, false, false, true, false}
        8:   56:    };
        1:   56-block  0
call    0 returned 1
call    1 returned 1
branch  2 taken 1 (fallthrough)
branch  3 taken 0 (throw)
        1:   56-block  1
call    4 returned 1
call    5 returned 1
branch  6 taken 1 (fallthrough)
branch  7 taken 0 (throw)
        1:   56-block  2
call    8 returned 1
call    9 returned 1
branch 10 taken 1 (fallthrough)
branch 11 taken 0 (throw)
        1:   56-block  3
call   12 returned 1
call   13 returned 1
branch 14 taken 1 (fallthrough)
branch 15 taken 0 (throw)
        1:   56-block  4
call   16 returned 1
call   17 returned 1
branch 18 taken 1 (fallthrough)
branch 19 taken 0 (throw)
        1:   56-block  5
call   20 returned 1
call   21 returned 1
branch 22 taken 1 (fallthrough)
branch 23 taken 0 (throw)
        5:   56-block  6
call   24 returned 5
        1:   56-block  7
call   25 returned 1
call   26 returned 1
call   27 returned 1
call   28 returned 1
call   29 returned 1
    $$$$$:   56-block  8
    $$$$$:   56-block  9
    $$$$$:   56-block 10
call   30 never executed
    $$$$$:   56-block 11
    $$$$$:   56-block 12
    $$$$$:   56-block 13
    $$$$$:   56-block 14
    $$$$$:   56-block 15
    $$$$$:   56-block 16
    $$$$$:   56-block 17
    $$$$$:   56-block 18
    $$$$$:   56-block 19
    $$$$$:   56-block 20
    $$$$$:   56-block 21
        1:   57:    int minasAdy1 = minasAdyacentes(t, {0,4});
call    0 returned 1
call    1 returned 1
branch  2 taken 1 (fallthrough)
branch  3 taken 0 (throw)
    $$$$$:   57-block  0
    $$$$$:   57-block  1
    $$$$$:   57-block  2
       1*:   58:    ASSERT_EQ(minasAdy1, 3);
        1:   58-block  0
call    0 returned 1
branch  1 taken 1 (fallthrough)
branch  2 taken 0 (throw)
        1:   58-block  1
call    3 returned 1
branch  4 taken 0 (fallthrough)
branch  5 taken 1
    %%%%%:   58-block  2
call    6 never executed
branch  7 never executed
branch  8 never executed
    %%%%%:   58-block  3
call    9 never executed
branch 10 never executed
branch 11 never executed
    %%%%%:   58-block  4
call   12 never executed
branch 13 never executed
branch 14 never executed
    %%%%%:   58-block  5
call   15 never executed
branch 16 never executed
branch 17 never executed
    %%%%%:   58-block  6
call   18 never executed
call   19 never executed
        1:   58-block  7
        1:   58-block  8
call   20 returned 1
branch 21 taken 1 (fallthrough)
branch 22 taken 0
    $$$$$:   58-block  9
    $$$$$:   58-block 10
call   23 never executed
    $$$$$:   58-block 11
    $$$$$:   58-block 12
call   24 never executed
    $$$$$:   58-block 13
    $$$$$:   58-block 14
call   25 never executed
        -:   59:
        1:   60:    int minasAdy2 = minasAdyacentes(t, {2,4});
        1:   60-block  0
call    0 returned 1
call    1 returned 1
branch  2 taken 1 (fallthrough)
branch  3 taken 0 (throw)
    $$$$$:   60-block  1
    $$$$$:   60-block  2
    $$$$$:   60-block  3
       1*:   61:    ASSERT_EQ(minasAdy2, 3);
        1:   61-block  0
call    0 returned 1
branch  1 taken 1 (fallthrough)
branch  2 taken 0 (throw)
        1:   61-block  1
call    3 returned 1
branch  4 taken 0 (fallthrough)
branch  5 taken 1
    %%%%%:   61-block  2
call    6 never executed
branch  7 never executed
branch  8 never executed
    %%%%%:   61-block  3
call    9 never executed
branch 10 never executed
branch 11 never executed
    %%%%%:   61-block  4
call   12 never executed
branch 13 never executed
branch 14 never executed
    %%%%%:   61-block  5
call   15 never executed
branch 16 never executed
branch 17 never executed
    %%%%%:   61-block  6
call   18 never executed
call   19 never executed
        1:   61-block  7
        1:   61-block  8
call   20 returned 1
branch 21 taken 1 (fallthrough)
branch 22 taken 0
    $$$$$:   61-block  9
    $$$$$:   61-block 10
call   23 never executed
    $$$$$:   61-block 11
    $$$$$:   61-block 12
call   24 never executed
    $$$$$:   61-block 13
    $$$$$:   61-block 14
call   25 never executed
        1:   62:}
        1:   62-block  0
        1:   62-block  1
call    0 returned 1
branch  1 taken 1 (fallthrough)
branch  2 taken 0
    $$$$$:   62-block  2
call    3 never executed
------------------
_ZN36minasAdyacentesTest_TresMinaAdy_TestC1Ev:
function _ZN36minasAdyacentesTest_TresMinaAdy_TestC1Ev called 1 returned 100% blocks executed 100%
        1:   48:TEST(minasAdyacentesTest, TresMinaAdy){
        1:   48-block  0
call    0 returned 1
------------------
