        -:    0:Source:C:/Users/nevil/Documents/GitHub/uba-algo1-TPs/TP2/ResolucionTP2/template-alumnos/tests/perdioTEST.cpp
        -:    0:Graph:C:\Users\nevil\Documents\GitHub\uba-algo1-TPs\TP2\ResolucionTP2\template-alumnos\cmake-build-debug\CMakeFiles\tpi.dir\tests\perdioTEST.gcno
        -:    0:Data:C:\Users\nevil\Documents\GitHub\uba-algo1-TPs\TP2\ResolucionTP2\template-alumnos\cmake-build-debug\CMakeFiles\tpi.dir\tests\perdioTEST.gcda
        -:    0:Runs:1
        -:    1:// Tests para la función perdio.
        -:    2:// Ver el archovo README.md para ayuda
        -:    3:
        -:    4:#include "../ejercicios.h"
        -:    5:#include "../auxiliares.h"
        -:    6:#include "gtest/gtest.h"
        -:    7:
        -:    8:using namespace std;
        -:    9:
        2:   10:TEST (perdioTest, juegoPerdido) {
        -:   11:
        -:   12:    tablero t = {
        -:   13:            {false, false, false, true,  false},
        -:   14:            {false, false, false, true,  true},
        -:   15:            {false, false, false, false, false},
        -:   16:            {false, false, false, false, true},
        -:   17:            {false, false, false, true,  false}
        8:   18:    };
        1:   19:    jugadas j = {{{0,0},0},{{1,3},2}};
        -:   20:
        1:   21:    bool juegoPerdido = perdio(t,j);
       1*:   22:    ASSERT_TRUE(juegoPerdido);
        -:   23:
        1:   24:}
------------------
_ZN28perdioTest_juegoPerdido_Test8TestBodyEv:
function _ZN28perdioTest_juegoPerdido_Test8TestBodyEv called 1 returned 100% blocks executed 39%
        1:   10:TEST (perdioTest, juegoPerdido) {
        -:   11:
        -:   12:    tablero t = {
        -:   13:            {false, false, false, true,  false},
        -:   14:            {false, false, false, true,  true},
        -:   15:            {false, false, false, false, false},
        -:   16:            {false, false, false, false, true},
        -:   17:            {false, false, false, true,  false}
        8:   18:    };
        1:   18-block  0
call    0 returned 1
call    1 returned 1
branch  2 taken 1 (fallthrough)
branch  3 taken 0 (throw)
        1:   18-block  1
call    4 returned 1
call    5 returned 1
branch  6 taken 1 (fallthrough)
branch  7 taken 0 (throw)
        1:   18-block  2
call    8 returned 1
call    9 returned 1
branch 10 taken 1 (fallthrough)
branch 11 taken 0 (throw)
        1:   18-block  3
call   12 returned 1
call   13 returned 1
branch 14 taken 1 (fallthrough)
branch 15 taken 0 (throw)
        1:   18-block  4
call   16 returned 1
call   17 returned 1
branch 18 taken 1 (fallthrough)
branch 19 taken 0 (throw)
        1:   18-block  5
call   20 returned 1
call   21 returned 1
branch 22 taken 1 (fallthrough)
branch 23 taken 0 (throw)
        5:   18-block  6
call   24 returned 5
        1:   18-block  7
call   25 returned 1
call   26 returned 1
call   27 returned 1
call   28 returned 1
call   29 returned 1
    $$$$$:   18-block  8
    $$$$$:   18-block  9
    $$$$$:   18-block 10
call   30 never executed
    $$$$$:   18-block 11
    $$$$$:   18-block 12
    $$$$$:   18-block 13
    $$$$$:   18-block 14
    $$$$$:   18-block 15
    $$$$$:   18-block 16
    $$$$$:   18-block 17
    $$$$$:   18-block 18
    $$$$$:   18-block 19
    $$$$$:   18-block 20
    $$$$$:   18-block 21
        1:   19:    jugadas j = {{{0,0},0},{{1,3},2}};
call    0 returned 1
call    1 returned 1
branch  2 taken 1 (fallthrough)
branch  3 taken 0 (throw)
    $$$$$:   19-block  0
    $$$$$:   19-block  1
        -:   20:
        1:   21:    bool juegoPerdido = perdio(t,j);
call    0 returned 1
branch  1 taken 1 (fallthrough)
branch  2 taken 0 (throw)
       1*:   22:    ASSERT_TRUE(juegoPerdido);
        1:   22-block  0
call    0 returned 1
branch  1 taken 1 (fallthrough)
branch  2 taken 0 (throw)
        1:   22-block  1
call    3 returned 1
branch  4 taken 0 (fallthrough)
branch  5 taken 1
    %%%%%:   22-block  2
call    6 never executed
branch  7 never executed
branch  8 never executed
    %%%%%:   22-block  3
call    9 never executed
branch 10 never executed
branch 11 never executed
    %%%%%:   22-block  4
call   12 never executed
call   13 never executed
branch 14 never executed
branch 15 never executed
    %%%%%:   22-block  5
call   16 never executed
branch 17 never executed
branch 18 never executed
    %%%%%:   22-block  6
call   19 never executed
call   20 never executed
call   21 never executed
        1:   22-block  7
        1:   22-block  8
call   22 returned 1
branch 23 taken 1 (fallthrough)
branch 24 taken 0
    $$$$$:   22-block  9
call   25 never executed
    $$$$$:   22-block 10
    $$$$$:   22-block 11
call   26 never executed
    $$$$$:   22-block 12
    $$$$$:   22-block 13
call   27 never executed
    $$$$$:   22-block 14
    $$$$$:   22-block 15
call   28 never executed
        -:   23:
        1:   24:}
        1:   24-block  0
        1:   24-block  1
call    0 returned 1
branch  1 taken 1 (fallthrough)
branch  2 taken 0
        1:   24-block  2
        1:   24-block  3
call    3 returned 1
branch  4 taken 1 (fallthrough)
branch  5 taken 0
    $$$$$:   24-block  4
call    6 never executed
    $$$$$:   24-block  5
call    7 never executed
------------------
_ZN28perdioTest_juegoPerdido_TestC1Ev:
function _ZN28perdioTest_juegoPerdido_TestC1Ev called 1 returned 100% blocks executed 100%
        1:   10:TEST (perdioTest, juegoPerdido) {
        1:   10-block  0
call    0 returned 1
------------------
        -:   25:
        2:   26:TEST (perdioTest, juegoNoPerdido) {
        -:   27:
        -:   28:    tablero t = {
        -:   29:            {false, false, false, true,  false},
        -:   30:            {false, false, false, true,  true},
        -:   31:            {false, false, false, false, false},
        -:   32:            {false, false, false, false, true},
        -:   33:            {false, false, false, true,  false}
        8:   34:    };
        1:   35:    jugadas j = {{{0,0},0},{{4,0},0}};
        -:   36:
        1:   37:    bool juegoPerdido = perdio(t,j);
       1*:   38:    ASSERT_FALSE(juegoPerdido);
        -:   39:
        1:   40:}
------------------
_ZN30perdioTest_juegoNoPerdido_Test8TestBodyEv:
function _ZN30perdioTest_juegoNoPerdido_Test8TestBodyEv called 1 returned 100% blocks executed 38%
        1:   26:TEST (perdioTest, juegoNoPerdido) {
        -:   27:
        -:   28:    tablero t = {
        -:   29:            {false, false, false, true,  false},
        -:   30:            {false, false, false, true,  true},
        -:   31:            {false, false, false, false, false},
        -:   32:            {false, false, false, false, true},
        -:   33:            {false, false, false, true,  false}
        8:   34:    };
        1:   34-block  0
call    0 returned 1
call    1 returned 1
branch  2 taken 1 (fallthrough)
branch  3 taken 0 (throw)
        1:   34-block  1
call    4 returned 1
call    5 returned 1
branch  6 taken 1 (fallthrough)
branch  7 taken 0 (throw)
        1:   34-block  2
call    8 returned 1
call    9 returned 1
branch 10 taken 1 (fallthrough)
branch 11 taken 0 (throw)
        1:   34-block  3
call   12 returned 1
call   13 returned 1
branch 14 taken 1 (fallthrough)
branch 15 taken 0 (throw)
        1:   34-block  4
call   16 returned 1
call   17 returned 1
branch 18 taken 1 (fallthrough)
branch 19 taken 0 (throw)
        1:   34-block  5
call   20 returned 1
call   21 returned 1
branch 22 taken 1 (fallthrough)
branch 23 taken 0 (throw)
        5:   34-block  6
call   24 returned 5
        1:   34-block  7
call   25 returned 1
call   26 returned 1
call   27 returned 1
call   28 returned 1
call   29 returned 1
    $$$$$:   34-block  8
    $$$$$:   34-block  9
    $$$$$:   34-block 10
call   30 never executed
    $$$$$:   34-block 11
    $$$$$:   34-block 12
    $$$$$:   34-block 13
    $$$$$:   34-block 14
    $$$$$:   34-block 15
    $$$$$:   34-block 16
    $$$$$:   34-block 17
    $$$$$:   34-block 18
    $$$$$:   34-block 19
    $$$$$:   34-block 20
    $$$$$:   34-block 21
        1:   35:    jugadas j = {{{0,0},0},{{4,0},0}};
call    0 returned 1
call    1 returned 1
branch  2 taken 1 (fallthrough)
branch  3 taken 0 (throw)
    $$$$$:   35-block  0
    $$$$$:   35-block  1
        -:   36:
        1:   37:    bool juegoPerdido = perdio(t,j);
call    0 returned 1
branch  1 taken 1 (fallthrough)
branch  2 taken 0 (throw)
       1*:   38:    ASSERT_FALSE(juegoPerdido);
        1:   38-block  0
call    0 returned 1
branch  1 taken 1 (fallthrough)
branch  2 taken 0 (throw)
        1:   38-block  1
call    3 returned 1
branch  4 taken 0 (fallthrough)
branch  5 taken 1
    %%%%%:   38-block  2
call    6 never executed
branch  7 never executed
branch  8 never executed
    %%%%%:   38-block  3
call    9 never executed
branch 10 never executed
branch 11 never executed
    %%%%%:   38-block  4
call   12 never executed
call   13 never executed
branch 14 never executed
branch 15 never executed
    %%%%%:   38-block  5
call   16 never executed
branch 17 never executed
branch 18 never executed
    %%%%%:   38-block  6
call   19 never executed
call   20 never executed
call   21 never executed
        1:   38-block  7
        1:   38-block  8
call   22 returned 1
branch 23 taken 1 (fallthrough)
branch 24 taken 0
    $$$$$:   38-block  9
    $$$$$:   38-block 10
call   25 never executed
    $$$$$:   38-block 11
    $$$$$:   38-block 12
call   26 never executed
    $$$$$:   38-block 13
    $$$$$:   38-block 14
call   27 never executed
    $$$$$:   38-block 15
    $$$$$:   38-block 16
call   28 never executed
        -:   39:
        1:   40:}
        1:   40-block  0
        1:   40-block  1
call    0 returned 1
branch  1 taken 1 (fallthrough)
branch  2 taken 0
        1:   40-block  2
        1:   40-block  3
call    3 returned 1
branch  4 taken 1 (fallthrough)
branch  5 taken 0
    $$$$$:   40-block  4
call    6 never executed
    $$$$$:   40-block  5
call    7 never executed
------------------
_ZN30perdioTest_juegoNoPerdido_TestC1Ev:
function _ZN30perdioTest_juegoNoPerdido_TestC1Ev called 1 returned 100% blocks executed 100%
        1:   26:TEST (perdioTest, juegoNoPerdido) {
        1:   26-block  0
call    0 returned 1
------------------
